Build started 4/9/2012 5:05:57 PM.
     1>Project "F:\Labs\Lab 10\Lab 10\Lab 10.vcxproj" on node 2 (build target(s)).
     1>InitializeBuildStatus:
         Touching "Debug\Lab 10.unsuccessfulbuild".
       ClCompile:
         C:\Program Files (x86)\Microsoft Visual Studio 10.0\VC\bin\CL.exe /c /ZI /nologo /W3 /WX- /Od /Oy- /D WIN32 /D _DEBUG /D _CONSOLE /D _UNICODE /D UNICODE /Gm /EHsc /RTC1 /MDd /GS /fp:precise /Zc:wchar_t /Zc:forScope /Fo"Debug\\" /Fd"Debug\vc100.pdb" /Gd /TP /analyze- /errorReport:prompt "test main.cpp"
         test main.cpp
       ManifestResourceCompile:
         All outputs are up-to-date.
       Link:
         C:\Program Files (x86)\Microsoft Visual Studio 10.0\VC\bin\link.exe /ERRORREPORT:PROMPT /OUT:"F:\Labs\Lab 10\Debug\Lab 10.exe" /INCREMENTAL /NOLOGO kernel32.lib user32.lib gdi32.lib winspool.lib comdlg32.lib advapi32.lib shell32.lib ole32.lib oleaut32.lib uuid.lib odbc32.lib odbccp32.lib /MANIFEST /ManifestFile:"Debug\Lab 10.exe.intermediate.manifest" /MANIFESTUAC:"level='asInvoker' uiAccess='false'" /DEBUG /PDB:"F:\Labs\Lab 10\Debug\Lab 10.pdb" /SUBSYSTEM:CONSOLE /TLBID:1 /DYNAMICBASE /NXCOMPAT /IMPLIB:"F:\Labs\Lab 10\Debug\Lab 10.lib" /MACHINE:X86 "Debug\Lab 10.exe.embed.manifest.res"
         Debug\Archer.obj
         Debug\Arena.obj
         Debug\Cleric.obj
         Debug\Factory.obj
         Debug\Fighter.obj
         Debug\Robot.obj
         "Debug\test main.obj"
       Manifest:
         C:\Program Files (x86)\Microsoft SDKs\Windows\v7.0A\bin\mt.exe /nologo /verbose /out:"Debug\Lab 10.exe.embed.manifest" /manifest "Debug\Lab 10.exe.intermediate.manifest"
         C:\Program Files (x86)\Microsoft SDKs\Windows\v7.0A\bin\rc.exe /nologo /fo"Debug\Lab 10.exe.embed.manifest.res" "Debug\Lab 10_manifest.rc" 
       LinkEmbedManifest:
         C:\Program Files (x86)\Microsoft Visual Studio 10.0\VC\bin\link.exe /ERRORREPORT:PROMPT /OUT:"F:\Labs\Lab 10\Debug\Lab 10.exe" /INCREMENTAL /NOLOGO kernel32.lib user32.lib gdi32.lib winspool.lib comdlg32.lib advapi32.lib shell32.lib ole32.lib oleaut32.lib uuid.lib odbc32.lib odbccp32.lib /MANIFEST /ManifestFile:"Debug\Lab 10.exe.intermediate.manifest" /MANIFESTUAC:"level='asInvoker' uiAccess='false'" /DEBUG /PDB:"F:\Labs\Lab 10\Debug\Lab 10.pdb" /SUBSYSTEM:CONSOLE /TLBID:1 /DYNAMICBASE /NXCOMPAT /IMPLIB:"F:\Labs\Lab 10\Debug\Lab 10.lib" /MACHINE:X86 "Debug\Lab 10.exe.embed.manifest.res"
         Debug\Archer.obj
         Debug\Arena.obj
         Debug\Cleric.obj
         Debug\Factory.obj
         Debug\Fighter.obj
         Debug\Robot.obj
         "Debug\test main.obj"
         Lab 10.vcxproj -> F:\Labs\Lab 10\Debug\Lab 10.exe
       FinalizeBuildStatus:
         Deleting file "Debug\Lab 10.unsuccessfulbuild".
         Touching "Debug\Lab 10.lastbuildstate".
     1>Done Building Project "F:\Labs\Lab 10\Lab 10\Lab 10.vcxproj" (build target(s)).

Build succeeded.

Time Elapsed 00:00:06.95
